Mar 25, 2017 12:35:41 PM editor.Main main
INFO: Java version: 1.8.0_121
Mar 25, 2017 12:35:41 PM editor.Main listMods
INFO: Checking for mods in C:\Program Files (x86)\Steam\steamapps\common\Victoria 2\mod\mod
Mar 25, 2017 12:35:41 PM editor.Main listMods
INFO: Checking for mods in C:\Users\Timo\Documents\Paradox Interactive\Victoria 2\mod
Mar 25, 2017 12:35:58 PM editor.Main listMods
INFO: Checking for mods in C:\Users\Timo\Documents\Paradox Interactive\Crusader Kings II\eu4_export\mod\Converted_Crimea1453_01_02\mod
Mar 25, 2017 12:36:02 PM editor.Main$4 actionPerformed
INFO: Loading EU4. Mod: None
Mar 25, 2017 12:36:02 PM editor.Main$4 actionPerformed
INFO: Game path: C:\Users\Timo\Documents\Paradox Interactive\Crusader Kings II\eu4_export\mod\Converted_Crimea1453_01_02
Mar 25, 2017 12:36:02 PM editor.Main$4 actionPerformed
INFO: Mod path: (none)
Mar 25, 2017 12:36:02 PM editor.Text processFilesYaml
INFO: Reading converted_countries_l_english.yml
Mar 25, 2017 12:36:02 PM editor.Text processFilesYaml
INFO: Reading converted_cultures_l_english.yml
Mar 25, 2017 12:36:02 PM editor.Text processFilesYaml
INFO: Reading converted_custom_countries_l_english.yml
Mar 25, 2017 12:36:02 PM editor.Text processFilesYaml
INFO: Reading converted_custom_ideas_l_english.yml
Mar 25, 2017 12:36:02 PM editor.Text processFilesYaml
INFO: Reading converted_heresies_l_english.yml
Mar 25, 2017 12:36:02 PM editor.Text processFilesYaml
INFO: Reading converted_misc_l_english.yml
Mar 25, 2017 12:36:02 PM editor.Text processFilesYaml
INFO: Reading converted_religions_l_english.yml
Mar 25, 2017 12:36:02 PM editor.Text processFilesYaml
INFO: Reading new_converter_texts_l_english.yml
Mar 25, 2017 12:36:02 PM editor.Text processFilesYaml
INFO: Reading sunset_invasion_custom_countries_l_english.yml
Mar 25, 2017 12:36:02 PM editor.Text processFilesYaml
INFO: Reading sunset_invasion_custom_ideas_l_english.yml
Mar 25, 2017 12:36:03 PM editor.Map loadData
SEVERE: Failed to load map file from C:\Users\Timo\Documents\Paradox Interactive\Crusader Kings II\eu4_export\mod\Converted_Crimea1453_01_02\map\default.map
Mar 25, 2017 12:36:03 PM editor.Main lambda$main$5
SEVERE: Uncaught exception
java.lang.RuntimeException: Failed to load map file C:\Users\Timo\Documents\Paradox Interactive\Crusader Kings II\eu4_export\mod\Converted_Crimea1453_01_02\map\default.map
	at editor.Map.loadData(Map.java:71)
	at editor.Map.<init>(Map.java:58)
	at editor.EditorUI.<init>(EditorUI.java:75)
	at editor.Main.startEditor(Main.java:335)
	at editor.Main.access$300(Main.java:42)
	at editor.Main$4.actionPerformed(Main.java:283)
	at javax.swing.AbstractButton.fireActionPerformed(Unknown Source)
	at javax.swing.AbstractButton$Handler.actionPerformed(Unknown Source)
	at javax.swing.DefaultButtonModel.fireActionPerformed(Unknown Source)
	at javax.swing.DefaultButtonModel.setPressed(Unknown Source)
	at javax.swing.plaf.basic.BasicButtonListener.mouseReleased(Unknown Source)
	at java.awt.Component.processMouseEvent(Unknown Source)
	at javax.swing.JComponent.processMouseEvent(Unknown Source)
	at java.awt.Component.processEvent(Unknown Source)
	at java.awt.Container.processEvent(Unknown Source)
	at java.awt.Component.dispatchEventImpl(Unknown Source)
	at java.awt.Container.dispatchEventImpl(Unknown Source)
	at java.awt.Component.dispatchEvent(Unknown Source)
	at java.awt.LightweightDispatcher.retargetMouseEvent(Unknown Source)
	at java.awt.LightweightDispatcher.processMouseEvent(Unknown Source)
	at java.awt.LightweightDispatcher.dispatchEvent(Unknown Source)
	at java.awt.Container.dispatchEventImpl(Unknown Source)
	at java.awt.Window.dispatchEventImpl(Unknown Source)
	at java.awt.Component.dispatchEvent(Unknown Source)
	at java.awt.EventQueue.dispatchEventImpl(Unknown Source)
	at java.awt.EventQueue.access$500(Unknown Source)
	at java.awt.EventQueue$3.run(Unknown Source)
	at java.awt.EventQueue$3.run(Unknown Source)
	at java.security.AccessController.doPrivileged(Native Method)
	at java.security.ProtectionDomain$JavaSecurityAccessImpl.doIntersectionPrivilege(Unknown Source)
	at java.security.ProtectionDomain$JavaSecurityAccessImpl.doIntersectionPrivilege(Unknown Source)
	at java.awt.EventQueue$4.run(Unknown Source)
	at java.awt.EventQueue$4.run(Unknown Source)
	at java.security.AccessController.doPrivileged(Native Method)
	at java.security.ProtectionDomain$JavaSecurityAccessImpl.doIntersectionPrivilege(Unknown Source)
	at java.awt.EventQueue.dispatchEvent(Unknown Source)
	at java.awt.EventDispatchThread.pumpOneEventForFilters(Unknown Source)
	at java.awt.EventDispatchThread.pumpEventsForFilter(Unknown Source)
	at java.awt.EventDispatchThread.pumpEventsForFilter(Unknown Source)
	at java.awt.WaitDispatchSupport$2.run(Unknown Source)
	at java.awt.event.InvocationEvent.dispatch(Unknown Source)
	at java.awt.EventQueue.dispatchEventImpl(Unknown Source)
	at java.awt.EventQueue.access$500(Unknown Source)
	at java.awt.EventQueue$3.run(Unknown Source)
	at java.awt.EventQueue$3.run(Unknown Source)
	at java.security.AccessController.doPrivileged(Native Method)
	at java.security.ProtectionDomain$JavaSecurityAccessImpl.doIntersectionPrivilege(Unknown Source)
	at java.awt.EventQueue.dispatchEvent(Unknown Source)
	at java.awt.EventDispatchThread.pumpOneEventForFilters(Unknown Source)
	at java.awt.EventDispatchThread.pumpEventsForFilter(Unknown Source)
	at java.awt.EventDispatchThread.pumpEventsForHierarchy(Unknown Source)
	at java.awt.EventDispatchThread.pumpEvents(Unknown Source)
	at java.awt.EventDispatchThread.pumpEvents(Unknown Source)
	at java.awt.EventDispatchThread.run(Unknown Source)

